[17:34:43] [ServerMain/INFO]: [bootstrap] Running Java 21 (OpenJDK 64-Bit Server VM 21.0.6+7-Ubuntu-120.04.1; Ubuntu null) on Linux 6.8.0-1021-azure (amd64)
[17:34:43] [ServerMain/INFO]: [bootstrap] Loading Paper 1.21-130-master@b1b5d4c (2024-08-10T10:02:42Z) for Minecraft 1.21
[17:34:43] [ServerMain/INFO]: [PluginInitializerManager] Initializing plugins...
[17:34:44] [ServerMain/INFO]: [PluginInitializerManager] Initialized 0 plugins
[17:34:55] [ServerMain/INFO]: Environment: Environment[sessionHost=https://sessionserver.mojang.com, servicesHost=https://api.minecraftservices.com, name=PROD]
[17:35:00] [ServerMain/INFO]: Loaded 1290 recipes
[17:35:00] [ServerMain/INFO]: Loaded 1399 advancements
[17:35:01] [Server thread/INFO]: Starting minecraft server version 1.21
[17:35:01] [Server thread/INFO]: Loading properties
[17:35:01] [Server thread/INFO]: This server is running Paper version 1.21-130-master@b1b5d4c (2024-08-10T10:02:42Z) (Implementing API version 1.21-R0.1-SNAPSHOT)
[17:35:02] [Server thread/INFO]: [spark] This server bundles the spark profiler. For more information please visit https://docs.papermc.io/paper/profiling
[17:35:02] [Server thread/INFO]: Server Ping Player Sample Count: 12
[17:35:02] [Server thread/INFO]: Using 4 threads for Netty based IO
[17:35:04] [Server thread/INFO]: [ChunkTaskScheduler] Chunk system is using 1 I/O threads, 1 worker threads, and population gen parallelism of 1 threads
[17:35:05] [Server thread/INFO]: Default game type: SURVIVAL
[17:35:05] [Server thread/INFO]: Generating keypair
[17:35:05] [Server thread/INFO]: Starting Minecraft server on *:25565
[17:35:06] [Server thread/INFO]: Using epoll channel type
[17:35:06] [Server thread/INFO]: Paper: Using libdeflate (Linux x86_64) compression from Velocity.
[17:35:06] [Server thread/INFO]: Paper: Using OpenSSL 1.1.x (Linux x86_64) cipher from Velocity.
[17:35:06] [Server thread/INFO]: Server permissions file permissions.yml is empty, ignoring it
[17:35:06] [Server thread/WARN]: **** SERVER IS RUNNING IN OFFLINE/INSECURE MODE!
[17:35:06] [Server thread/WARN]: The server will make no attempt to authenticate usernames. Beware.
[17:35:06] [Server thread/WARN]: While this makes the game possible to play without internet access, it also opens up the ability for hackers to connect with any username they choose.
[17:35:06] [Server thread/WARN]: To change this, set "online-mode" to "true" in the server.properties file.
[17:35:06] [Server thread/INFO]: Preparing level "world"
[17:35:07] [Server thread/INFO]: Preparing start region for dimension minecraft:overworld
[17:35:11] [Server thread/INFO]: Time elapsed: 4116 ms
[17:35:11] [Server thread/INFO]: Preparing start region for dimension minecraft:the_nether
[17:35:12] [Server thread/INFO]: Time elapsed: 640 ms
[17:35:12] [Server thread/INFO]: Preparing start region for dimension minecraft:the_end
[17:35:12] [Server thread/INFO]: Time elapsed: 326 ms
[17:35:12] [Server thread/INFO]: [spark] Starting background profiler...
[17:35:13] [Server thread/INFO]: Done preparing level "world" (7.163s)
[17:35:13] [Server thread/INFO]: Running delayed init tasks
[17:35:13] [Server thread/INFO]: Done (34.146s)! For help, type "help"
[17:35:13] [Server thread/INFO]: Timings Reset
[17:42:48] [User Authenticator #0/INFO]: UUID of player R4GNAR is 96a1fb32-225e-313a-8eb7-ecb5425968e0
[17:42:50] [Server thread/INFO]: R4GNAR joined the game
[17:42:51] [Server thread/INFO]: R4GNAR[/172.23.198.0:50654] logged in with entity id 99 at ([world]-11.699999988079071, 71.0, -2.300000011920929)
[17:43:02] [Async Chat Thread - #0/INFO]: [Not Secure] <R4GNAR> hola
